# JRE version: Java(TM) SE Runtime Environment (7.0_51-b13) (build 1.7.0_51-b13)
# Java VM: Java HotSpot(TM) 64-Bit Server VM (24.51-b03 mixed mode windows-amd64 compressed oops)
Heap
 PSYoungGen      total 136704K, used 72190K [0x00000007d6480000, 0x00000007def80000, 0x0000000800000000)
  eden space 131072K, 51% used [0x00000007d6480000,0x00000007da6f0400,0x00000007de480000)
  from space 5632K, 73% used [0x00000007dea00000,0x00000007dee0f4d8,0x00000007def80000)
  to   space 5632K, 0% used [0x00000007de480000,0x00000007de480000,0x00000007dea00000)
 ParOldGen       total 141312K, used 125437K [0x0000000782e00000, 0x000000078b800000, 0x00000007d6480000)
  object space 141312K, 88% used [0x0000000782e00000,0x000000078a87f538,0x000000078b800000)
 PSPermGen       total 21504K, used 11209K [0x000000077dc00000, 0x000000077f100000, 0x0000000782e00000)
  object space 21504K, 52% used [0x000000077dc00000,0x000000077e6f26f8,0x000000077f100000)
GC Heap History (10 events):
Event: 3.437 GC heap before
{Heap before GC invocations=2 (full 0):
 PSYoungGen      total 37888K, used 37862K [0x00000007d6480000, 0x00000007d8e80000, 0x0000000800000000)
  eden space 32768K, 100% used [0x00000007d6480000,0x00000007d8480000,0x00000007d8480000)
  from space 5120K, 99% used [0x00000007d8480000,0x00000007d8979b08,0x00000007d8980000)
  to   space 5120K, 0% used [0x00000007d8980000,0x00000007d8980000,0x00000007d8e80000)
 ParOldGen       total 141312K, used 125437K [0x0000000782e00000, 0x000000078b800000, 0x00000007d6480000)
  object space 141312K, 88% used [0x0000000782e00000,0x000000078a87f538,0x000000078b800000)
 PSPermGen       total 21504K, used 10155K [0x000000077dc00000, 0x000000077f100000, 0x0000000782e00000)
  object space 21504K, 47% used [0x000000077dc00000,0x000000077e5eac90,0x000000077f100000)
Event: 3.442 GC heap after
Heap after GC invocations=2 (full 0):
 PSYoungGen      total 37888K, used 4207K [0x00000007d6480000, 0x00000007d8e80000, 0x0000000800000000)
  eden space 32768K, 0% used [0x00000007d6480000,0x00000007d6480000,0x00000007d8480000)
  from space 5120K, 82% used [0x00000007d8980000,0x00000007d8d9bc98,0x00000007d8e80000)
  to   space 5120K, 0% used [0x00000007d8480000,0x00000007d8480000,0x00000007d8980000)
 ParOldGen       total 141312K, used 125437K [0x0000000782e00000, 0x000000078b800000, 0x00000007d6480000)
  object space 141312K, 88% used [0x0000000782e00000,0x000000078a87f538,0x000000078b800000)
 PSPermGen       total 21504K, used 10155K [0x000000077dc00000, 0x000000077f100000, 0x0000000782e00000)
  object space 21504K, 47% used [0x000000077dc00000,0x000000077e5eac90,0x000000077f100000)
}
Event: 3.491 GC heap before
{Heap before GC invocations=3 (full 0):
 PSYoungGen      total 37888K, used 36975K [0x00000007d6480000, 0x00000007d8e80000, 0x0000000800000000)
  eden space 32768K, 100% used [0x00000007d6480000,0x00000007d8480000,0x00000007d8480000)
  from space 5120K, 82% used [0x00000007d8980000,0x00000007d8d9bc98,0x00000007d8e80000)
  to   space 5120K, 0% used [0x00000007d8480000,0x00000007d8480000,0x00000007d8980000)
 ParOldGen       total 141312K, used 125437K [0x0000000782e00000, 0x000000078b800000, 0x00000007d6480000)
  object space 141312K, 88% used [0x0000000782e00000,0x000000078a87f538,0x000000078b800000)
 PSPermGen       total 21504K, used 10155K [0x000000077dc00000, 0x000000077f100000, 0x0000000782e00000)
  object space 21504K, 47% used [0x000000077dc00000,0x000000077e5eac90,0x000000077f100000)
Event: 3.496 GC heap after
Heap after GC invocations=3 (full 0):
 PSYoungGen      total 37888K, used 4157K [0x00000007d6480000, 0x00000007dae80000, 0x0000000800000000)
  eden space 32768K, 0% used [0x00000007d6480000,0x00000007d6480000,0x00000007d8480000)
  from space 5120K, 81% used [0x00000007d8480000,0x00000007d888f4d8,0x00000007d8980000)
  to   space 5120K, 0% used [0x00000007da980000,0x00000007da980000,0x00000007dae80000)
 ParOldGen       total 141312K, used 125437K [0x0000000782e00000, 0x000000078b800000, 0x00000007d6480000)
  object space 141312K, 88% used [0x0000000782e00000,0x000000078a87f538,0x000000078b800000)
 PSPermGen       total 21504K, used 10155K [0x000000077dc00000, 0x000000077f100000, 0x0000000782e00000)
  object space 21504K, 47% used [0x000000077dc00000,0x000000077e5eac90,0x000000077f100000)
}
Event: 3.547 GC heap before
{Heap before GC invocations=4 (full 0):
 PSYoungGen      total 37888K, used 36925K [0x00000007d6480000, 0x00000007dae80000, 0x0000000800000000)
  eden space 32768K, 100% used [0x00000007d6480000,0x00000007d8480000,0x00000007d8480000)
  from space 5120K, 81% used [0x00000007d8480000,0x00000007d888f4d8,0x00000007d8980000)
  to   space 5120K, 0% used [0x00000007da980000,0x00000007da980000,0x00000007dae80000)
 ParOldGen       total 141312K, used 125437K [0x0000000782e00000, 0x000000078b800000, 0x00000007d6480000)
  object space 141312K, 88% used [0x0000000782e00000,0x000000078a87f538,0x000000078b800000)
 PSPermGen       total 21504K, used 10155K [0x000000077dc00000, 0x000000077f100000, 0x0000000782e00000)
  object space 21504K, 47% used [0x000000077dc00000,0x000000077e5eac90,0x000000077f100000)
Event: 3.553 GC heap after
Heap after GC invocations=4 (full 0):
 PSYoungGen      total 70656K, used 4159K [0x00000007d6480000, 0x00000007dae80000, 0x0000000800000000)
  eden space 65536K, 0% used [0x00000007d6480000,0x00000007d6480000,0x00000007da480000)
  from space 5120K, 81% used [0x00000007da980000,0x00000007dad8fd88,0x00000007dae80000)
  to   space 5120K, 0% used [0x00000007da480000,0x00000007da480000,0x00000007da980000)
 ParOldGen       total 141312K, used 125437K [0x0000000782e00000, 0x000000078b800000, 0x00000007d6480000)
  object space 141312K, 88% used [0x0000000782e00000,0x000000078a87f538,0x000000078b800000)
 PSPermGen       total 21504K, used 10155K [0x000000077dc00000, 0x000000077f100000, 0x0000000782e00000)
  object space 21504K, 47% used [0x000000077dc00000,0x000000077e5eac90,0x000000077f100000)
}
Event: 3.676 GC heap before
{Heap before GC invocations=5 (full 0):
 PSYoungGen      total 70656K, used 69695K [0x00000007d6480000, 0x00000007dae80000, 0x0000000800000000)
  eden space 65536K, 100% used [0x00000007d6480000,0x00000007da480000,0x00000007da480000)
  from space 5120K, 81% used [0x00000007da980000,0x00000007dad8fd88,0x00000007dae80000)
  to   space 5120K, 0% used [0x00000007da480000,0x00000007da480000,0x00000007da980000)
 ParOldGen       total 141312K, used 125437K [0x0000000782e00000, 0x000000078b800000, 0x00000007d6480000)
  object space 141312K, 88% used [0x0000000782e00000,0x000000078a87f538,0x000000078b800000)
 PSPermGen       total 21504K, used 10155K [0x000000077dc00000, 0x000000077f100000, 0x0000000782e00000)
  object space 21504K, 47% used [0x000000077dc00000,0x000000077e5eac90,0x000000077f100000)
Event: 3.682 GC heap after
Heap after GC invocations=5 (full 0):
 PSYoungGen      total 70656K, used 4141K [0x00000007d6480000, 0x00000007def80000, 0x0000000800000000)
  eden space 65536K, 0% used [0x00000007d6480000,0x00000007d6480000,0x00000007da480000)
  from space 5120K, 80% used [0x00000007da480000,0x00000007da88b4c8,0x00000007da980000)
  to   space 5632K, 0% used [0x00000007dea00000,0x00000007dea00000,0x00000007def80000)
 ParOldGen       total 141312K, used 125437K [0x0000000782e00000, 0x000000078b800000, 0x00000007d6480000)
  object space 141312K, 88% used [0x0000000782e00000,0x000000078a87f538,0x000000078b800000)
 PSPermGen       total 21504K, used 10155K [0x000000077dc00000, 0x000000077f100000, 0x0000000782e00000)
  object space 21504K, 47% used [0x000000077dc00000,0x000000077e5eac90,0x000000077f100000)
}
Event: 3.779 GC heap before
{Heap before GC invocations=6 (full 0):
 PSYoungGen      total 70656K, used 69677K [0x00000007d6480000, 0x00000007def80000, 0x0000000800000000)
  eden space 65536K, 100% used [0x00000007d6480000,0x00000007da480000,0x00000007da480000)
  from space 5120K, 80% used [0x00000007da480000,0x00000007da88b4c8,0x00000007da980000)
  to   space 5632K, 0% used [0x00000007dea00000,0x00000007dea00000,0x00000007def80000)
 ParOldGen       total 141312K, used 125437K [0x0000000782e00000, 0x000000078b800000, 0x00000007d6480000)
  object space 141312K, 88% used [0x0000000782e00000,0x000000078a87f538,0x000000078b800000)
 PSPermGen       total 21504K, used 10155K [0x000000077dc00000, 0x000000077f100000, 0x0000000782e00000)
  object space 21504K, 47% used [0x000000077dc00000,0x000000077e5eac90,0x000000077f100000)
Event: 3.784 GC heap after
Heap after GC invocations=6 (full 0):
 PSYoungGen      total 136704K, used 4157K [0x00000007d6480000, 0x00000007def80000, 0x0000000800000000)
  eden space 131072K, 0% used [0x00000007d6480000,0x00000007d6480000,0x00000007de480000)
  from space 5632K, 73% used [0x00000007dea00000,0x00000007dee0f4d8,0x00000007def80000)
  to   space 5632K, 0% used [0x00000007de480000,0x00000007de480000,0x00000007dea00000)
 ParOldGen       total 141312K, used 125437K [0x0000000782e00000, 0x000000078b800000, 0x00000007d6480000)
  object space 141312K, 88% used [0x0000000782e00000,0x000000078a87f538,0x000000078b800000)
 PSPermGen       total 21504K, used 10155K [0x000000077dc00000, 0x000000077f100000, 0x0000000782e00000)
  object space 21504K, 47% used [0x000000077dc00000,0x000000077e5eac90,0x000000077f100000)
}

